/*C30*/SET SCHEMA PUBLIC
DISCONNECT
/*C31*/SET SCHEMA PUBLIC
DISCONNECT
/*C32*/SET SCHEMA PUBLIC
DISCONNECT
/*C33*/SET SCHEMA PUBLIC
DELETE FROM RECIPES WHERE ID=0
INSERT INTO RECIPES VALUES(0,'\u041f\u0440\u0438 \u0433\u043e\u043b\u043e\u0432\u043d\u044b\u0445 \u0431\u043e\u043b\u044f\u0445',0,6,'2020-08-18','40 \u0434\u043d\u0435\u0439','Statim')
COMMIT
DISCONNECT
/*C34*/SET SCHEMA PUBLIC
DISCONNECT
/*C35*/SET SCHEMA PUBLIC
DISCONNECT
/*C36*/SET SCHEMA PUBLIC
DISCONNECT
/*C37*/SET SCHEMA PUBLIC
DELETE FROM RECIPES WHERE ID=0
INSERT INTO RECIPES VALUES(0,'\u041f\u0440\u0438 \u0433\u043e\u043b\u043e\u0432\u043d\u044b\u0445 \u0431\u043e\u043b\u044f\u0445',0,6,'2020-08-18','40 \u0434\u043d\u0435\u0439','Statim')
COMMIT
DISCONNECT
/*C38*/SET SCHEMA PUBLIC
DISCONNECT
/*C39*/SET SCHEMA PUBLIC
DISCONNECT
/*C40*/SET SCHEMA PUBLIC
DISCONNECT
/*C41*/SET SCHEMA PUBLIC
DELETE FROM RECIPES WHERE ID=0
INSERT INTO RECIPES VALUES(0,'\u041f\u0440\u0438 \u0433\u043e\u043b\u043e\u0432\u043d\u044b\u0445 \u0431\u043e\u043b\u044f\u0445',0,1,'2020-08-18','40 \u0434\u043d\u0435\u0439','Statim')
COMMIT
DISCONNECT
/*C42*/SET SCHEMA PUBLIC
DISCONNECT
/*C43*/SET SCHEMA PUBLIC
DISCONNECT
/*C44*/SET SCHEMA PUBLIC
DISCONNECT
